DEBUG:Chroma:Logger created
DEBUG:Chroma:Index not found
DEBUG:Chroma:Index saved to .chroma/index/index.bin
DEBUG:Chroma:Index saved to .chroma/index/index.bin
DEBUG:Chroma:time to pre process our knn query: 0.0
DEBUG:Chroma:time to run knn query: 0.0
INFO:werkzeug:127.0.0.1 - - [26/Mar/2023 00:21:07] "POST /answer HTTP/1.1" 200 -
INFO:werkzeug: * Detected change in 'c:\\Users\\lenovo\\Documents\\hackathon\\Google-Solution-Challenge\\Backend\\server.py', reloading
DEBUG:Chroma:Logger created
DEBUG:Chroma:Index not found
DEBUG:Chroma:Index saved to .chroma/index/index.bin
DEBUG:Chroma:Index saved to .chroma/index/index.bin
DEBUG:Chroma:time to pre process our knn query: 0.0
DEBUG:Chroma:time to run knn query: 0.0
INFO:werkzeug:127.0.0.1 - - [26/Mar/2023 00:33:47] "POST /answer HTTP/1.1" 200 -
DEBUG:Chroma:Index not found
DEBUG:Chroma:Index saved to .chroma/index/index.bin
DEBUG:Chroma:Index saved to .chroma/index/index.bin
DEBUG:Chroma:time to pre process our knn query: 0.0
DEBUG:Chroma:time to run knn query: 0.0010416507720947266
INFO:werkzeug:127.0.0.1 - - [26/Mar/2023 00:34:40] "GET /answer HTTP/1.1" 200 -
DEBUG:Chroma:Index not found
DEBUG:Chroma:Index saved to .chroma/index/index.bin
DEBUG:Chroma:Index saved to .chroma/index/index.bin
DEBUG:Chroma:time to pre process our knn query: 0.0
DEBUG:Chroma:time to run knn query: 0.000997304916381836
INFO:werkzeug:127.0.0.1 - - [26/Mar/2023 00:37:50] "GET /answer HTTP/1.1" 200 -
DEBUG:Chroma:Logger created
DEBUG:Chroma:Index not found
DEBUG:Chroma:Index saved to .chroma/index/index.bin
DEBUG:Chroma:Index saved to .chroma/index/index.bin
DEBUG:Chroma:time to pre process our knn query: 0.0
DEBUG:Chroma:time to run knn query: 0.001001119613647461
DEBUG:Chroma:time to pre process our knn query: 0.0
DEBUG:Chroma:time to run knn query: 0.0
DEBUG:Chroma:time to pre process our knn query: 0.0
DEBUG:Chroma:time to run knn query: 0.0009992122650146484
DEBUG:Chroma:Logger created
DEBUG:Chroma:Logger created
DEBUG:Chroma:Index not found
DEBUG:Chroma:Index saved to .chroma/index/index.bin
DEBUG:Chroma:Index saved to .chroma/index/index.bin
DEBUG:Chroma:time to pre process our knn query: 0.0
DEBUG:Chroma:time to run knn query: 0.0
DEBUG:Chroma:Logger created
DEBUG:Chroma:Index not found
DEBUG:Chroma:Index saved to .chroma/index/index.bin
DEBUG:Chroma:Index saved to .chroma/index/index.bin
DEBUG:Chroma:time to pre process our knn query: 0.0
DEBUG:Chroma:time to run knn query: 0.000997781753540039
DEBUG:Chroma:Logger created
DEBUG:Chroma:Index not found
DEBUG:Chroma:Index saved to .chroma/index/index.bin
DEBUG:Chroma:Index saved to .chroma/index/index.bin
DEBUG:Chroma:time to pre process our knn query: 0.0
DEBUG:Chroma:time to run knn query: 0.0
DEBUG:Chroma:Logger created
DEBUG:Chroma:Index not found
DEBUG:Chroma:Index saved to .chroma/index/index.bin
DEBUG:Chroma:Index saved to .chroma/index/index.bin
DEBUG:Chroma:time to pre process our knn query: 0.0
DEBUG:Chroma:time to run knn query: 0.0009970664978027344
DEBUG:Chroma:Logger created
DEBUG:Chroma:Index not found
DEBUG:Chroma:Index saved to .chroma/index/index.bin
DEBUG:Chroma:Index saved to .chroma/index/index.bin
DEBUG:Chroma:time to pre process our knn query: 0.0
DEBUG:Chroma:time to run knn query: 0.0009992122650146484
DEBUG:Chroma:time to pre process our knn query: 0.0
DEBUG:Chroma:time to run knn query: 0.0009996891021728516
DEBUG:Chroma:Logger created
DEBUG:Chroma:Index not found
DEBUG:Chroma:Index saved to .chroma/index/index.bin
DEBUG:Chroma:Index saved to .chroma/index/index.bin
INFO:werkzeug:[31m[1mWARNING: This is a development server. Do not use it in a production deployment. Use a production WSGI server instead.[0m
 * Running on http://127.0.0.1:5000
INFO:werkzeug:[33mPress CTRL+C to quit[0m
INFO:werkzeug: * Restarting with stat
DEBUG:Chroma:Logger created
DEBUG:Chroma:Index not found
DEBUG:Chroma:Index saved to .chroma/index/index.bin
DEBUG:Chroma:Index saved to .chroma/index/index.bin
WARNING:werkzeug: * Debugger is active!
INFO:werkzeug: * Debugger PIN: 324-963-557
INFO:werkzeug:127.0.0.1 - - [26/Mar/2023 11:21:55] "[31m[1mPOST /question HTTP/1.1[0m" 400 -
DEBUG:Chroma:Logger created
DEBUG:Chroma:Index not found
DEBUG:Chroma:Index saved to .chroma/index/index.bin
DEBUG:Chroma:Index saved to .chroma/index/index.bin
INFO:werkzeug:[31m[1mWARNING: This is a development server. Do not use it in a production deployment. Use a production WSGI server instead.[0m
 * Running on http://127.0.0.1:5000
INFO:werkzeug:[33mPress CTRL+C to quit[0m
INFO:werkzeug: * Restarting with stat
DEBUG:Chroma:Logger created
DEBUG:Chroma:Index not found
DEBUG:Chroma:Index saved to .chroma/index/index.bin
DEBUG:Chroma:Index saved to .chroma/index/index.bin
WARNING:werkzeug: * Debugger is active!
INFO:werkzeug: * Debugger PIN: 324-963-557
INFO:werkzeug: * Detected change in 'c:\\Users\\lenovo\\Documents\\hackathon\\Google-Solution-Challenge\\Backend\\server.py', reloading
INFO:werkzeug: * Restarting with stat
DEBUG:Chroma:Logger created
DEBUG:Chroma:Index not found
DEBUG:Chroma:Index saved to .chroma/index/index.bin
DEBUG:Chroma:Index saved to .chroma/index/index.bin
INFO:werkzeug:[31m[1mWARNING: This is a development server. Do not use it in a production deployment. Use a production WSGI server instead.[0m
 * Running on http://127.0.0.1:5000
INFO:werkzeug:[33mPress CTRL+C to quit[0m
INFO:werkzeug: * Restarting with stat
DEBUG:Chroma:Logger created
DEBUG:Chroma:Index not found
DEBUG:Chroma:Index saved to .chroma/index/index.bin
DEBUG:Chroma:Index saved to .chroma/index/index.bin
INFO:werkzeug:127.0.0.1 - - [26/Mar/2023 11:40:00] "[31m[1mPOST /question HTTP/1.1[0m" 400 -
DEBUG:Chroma:time to pre process our knn query: 0.0
DEBUG:Chroma:time to run knn query: 0.0009529590606689453
INFO:werkzeug:127.0.0.1 - - [26/Mar/2023 11:40:30] "POST /question HTTP/1.1" 200 -
DEBUG:Chroma:time to pre process our knn query: 0.0
DEBUG:Chroma:time to run knn query: 0.0
INFO:werkzeug:127.0.0.1 - - [26/Mar/2023 11:42:32] "POST /question HTTP/1.1" 200 -
INFO:werkzeug:127.0.0.1 - - [26/Mar/2023 11:57:48] "[33mGET / HTTP/1.1[0m" 404 -
INFO:werkzeug:127.0.0.1 - - [26/Mar/2023 11:57:49] "[33mGET /favicon.ico HTTP/1.1[0m" 404 -
INFO:werkzeug:127.0.0.1 - - [26/Mar/2023 12:03:40] "[33mGET / HTTP/1.1[0m" 404 -
INFO:werkzeug:127.0.0.1 - - [26/Mar/2023 12:03:42] "[33mGET / HTTP/1.1[0m" 404 -
INFO:werkzeug:127.0.0.1 - - [26/Mar/2023 12:03:44] "[33mGET /favicon.ico HTTP/1.1[0m" 404 -
INFO:werkzeug:127.0.0.1 - - [26/Mar/2023 12:04:48] "[33mGET / HTTP/1.1[0m" 404 -
INFO:werkzeug:127.0.0.1 - - [26/Mar/2023 12:05:30] "[33mGET /answer HTTP/1.1[0m" 404 -
INFO:werkzeug:127.0.0.1 - - [26/Mar/2023 12:06:05] "[33mPOST /answer HTTP/1.1[0m" 404 -
INFO:werkzeug:127.0.0.1 - - [26/Mar/2023 12:06:13] "[33mGET /answer HTTP/1.1[0m" 404 -
DEBUG:Chroma:time to pre process our knn query: 0.0
DEBUG:Chroma:time to run knn query: 0.0009996891021728516
INFO:werkzeug:127.0.0.1 - - [26/Mar/2023 12:06:31] "POST /question HTTP/1.1" 200 -
INFO:werkzeug:127.0.0.1 - - [26/Mar/2023 12:06:45] "[31m[1mGET /question HTTP/1.1[0m" 405 -
INFO:werkzeug:127.0.0.1 - - [26/Mar/2023 12:06:50] "[31m[1mGET /question HTTP/1.1[0m" 405 -
INFO:werkzeug:127.0.0.1 - - [26/Mar/2023 12:06:56] "[31m[1mGET /question HTTP/1.1[0m" 405 -
INFO:werkzeug:127.0.0.1 - - [26/Mar/2023 12:15:05] "[33mPOST /answer HTTP/1.1[0m" 404 -
DEBUG:Chroma:time to pre process our knn query: 0.0
DEBUG:Chroma:time to run knn query: 0.0009610652923583984
INFO:werkzeug:127.0.0.1 - - [26/Mar/2023 12:15:39] "POST /question HTTP/1.1" 200 -
DEBUG:Chroma:time to pre process our knn query: 0.0
DEBUG:Chroma:time to run knn query: 0.001495361328125
INFO:werkzeug:127.0.0.1 - - [26/Mar/2023 12:16:34] "[35m[1mPOST /question HTTP/1.1[0m" 500 -
DEBUG:Chroma:time to pre process our knn query: 0.0
DEBUG:Chroma:time to run knn query: 0.0009987354278564453
INFO:werkzeug:127.0.0.1 - - [26/Mar/2023 12:17:31] "[35m[1mPOST /question HTTP/1.1[0m" 500 -
DEBUG:Chroma:time to pre process our knn query: 0.0
DEBUG:Chroma:time to run knn query: 0.0
INFO:werkzeug:127.0.0.1 - - [26/Mar/2023 12:17:41] "[35m[1mPOST /question HTTP/1.1[0m" 500 -
INFO:werkzeug: * Detected change in 'c:\\Users\\lenovo\\Documents\\hackathon\\Google-Solution-Challenge\\Backend\\server.py', reloading
